DEBUG:asyncio:Using selector: EpollSelector
DEBUG:asyncio:Get address info None:8080, type=<SocketKind.SOCK_STREAM: 1>, flags=<AddressInfo.AI_PASSIVE: 1>
DEBUG:asyncio:Getting address info None:8080, type=<SocketKind.SOCK_STREAM: 1>, flags=<AddressInfo.AI_PASSIVE: 1> took 0.951ms: [(<AddressFamily.AF_INET: 2>, <SocketKind.SOCK_STREAM: 1>, 6, '', ('0.0.0.0', 8080)), (<AddressFamily.AF_INET6: 10>, <SocketKind.SOCK_STREAM: 1>, 6, '', ('::', 8080, 0, 0))]
INFO:asyncio:<Server sockets=(<asyncio.TransportSocket fd=6, family=AddressFamily.AF_INET, type=SocketKind.SOCK_STREAM, proto=6, laddr=('0.0.0.0', 8080)>, <asyncio.TransportSocket fd=7, family=AddressFamily.AF_INET6, type=SocketKind.SOCK_STREAM, proto=6, laddr=('::', 8080, 0, 0)>)> is serving
DEBUG:asyncio:<Server sockets=(<asyncio.TransportSocket fd=6, family=AddressFamily.AF_INET, type=SocketKind.SOCK_STREAM, proto=6, laddr=('0.0.0.0', 8080)>, <asyncio.TransportSocket fd=7, family=AddressFamily.AF_INET6, type=SocketKind.SOCK_STREAM, proto=6, laddr=('::', 8080, 0, 0)>)> got a new connection from ('::1', 33892, 0, 0): <socket.socket fd=8, family=AddressFamily.AF_INET6, type=SocketKind.SOCK_STREAM, proto=6, laddr=('::1', 8080, 0, 0), raddr=('::1', 33892, 0, 0)>
INFO:apscheduler.scheduler:Adding job tentatively -- it will be properly scheduled when the scheduler starts
INFO:apscheduler.scheduler:Added job "counter" to job store "default"
INFO:apscheduler.scheduler:Scheduler started
WARNING:asyncio:Executing <Task pending name='Task-4' coro=<WebSocketServerProtocol.handler() running at /home/jared/.local/lib/python3.8/site-packages/websockets/server.py:191> wait_for=<Future pending cb=[<TaskWakeupMethWrapper object at 0x7f454869f850>()] created at /usr/lib/python3.8/asyncio/base_events.py:422> created at /home/jared/.local/lib/python3.8/site-packages/websockets/server.py:116> took 0.137 seconds
DEBUG:apscheduler.scheduler:Looking for jobs to run
DEBUG:apscheduler.scheduler:Next wakeup is due at 2020-12-12 16:29:49.554266-08:00 (in 0.993889 seconds)
DEBUG:apscheduler.scheduler:Looking for jobs to run
DEBUG:apscheduler.scheduler:Next wakeup is due at 2020-12-12 16:29:50.554266-08:00 (in 0.997790 seconds)
INFO:apscheduler.executors.default:Running job "counter (trigger: interval[0:00:01], next run at: 2020-12-12 16:29:50 PST)" (scheduled at 2020-12-12 16:29:49.554266-08:00)
INFO:apscheduler.executors.default:Job "counter (trigger: interval[0:00:01], next run at: 2020-12-12 16:29:50 PST)" executed successfully
DEBUG:apscheduler.scheduler:Looking for jobs to run
DEBUG:apscheduler.scheduler:Next wakeup is due at 2020-12-12 16:29:51.554266-08:00 (in 0.994781 seconds)
INFO:apscheduler.executors.default:Running job "counter (trigger: interval[0:00:01], next run at: 2020-12-12 16:29:51 PST)" (scheduled at 2020-12-12 16:29:50.554266-08:00)
INFO:apscheduler.executors.default:Job "counter (trigger: interval[0:00:01], next run at: 2020-12-12 16:29:51 PST)" executed successfully
DEBUG:apscheduler.scheduler:Looking for jobs to run
DEBUG:apscheduler.scheduler:Next wakeup is due at 2020-12-12 16:29:52.554266-08:00 (in 0.996373 seconds)
INFO:apscheduler.executors.default:Running job "counter (trigger: interval[0:00:01], next run at: 2020-12-12 16:29:52 PST)" (scheduled at 2020-12-12 16:29:51.554266-08:00)
INFO:apscheduler.executors.default:Job "counter (trigger: interval[0:00:01], next run at: 2020-12-12 16:29:52 PST)" executed successfully
DEBUG:apscheduler.scheduler:Looking for jobs to run
DEBUG:apscheduler.scheduler:Next wakeup is due at 2020-12-12 16:29:53.554266-08:00 (in 0.995291 seconds)
INFO:apscheduler.executors.default:Running job "counter (trigger: interval[0:00:01], next run at: 2020-12-12 16:29:53 PST)" (scheduled at 2020-12-12 16:29:52.554266-08:00)
INFO:apscheduler.executors.default:Job "counter (trigger: interval[0:00:01], next run at: 2020-12-12 16:29:53 PST)" executed successfully
DEBUG:apscheduler.scheduler:Looking for jobs to run
DEBUG:apscheduler.scheduler:Next wakeup is due at 2020-12-12 16:29:54.554266-08:00 (in 0.996752 seconds)
INFO:apscheduler.executors.default:Running job "counter (trigger: interval[0:00:01], next run at: 2020-12-12 16:29:54 PST)" (scheduled at 2020-12-12 16:29:53.554266-08:00)
INFO:apscheduler.executors.default:Job "counter (trigger: interval[0:00:01], next run at: 2020-12-12 16:29:54 PST)" executed successfully
DEBUG:apscheduler.scheduler:Looking for jobs to run
DEBUG:apscheduler.scheduler:Next wakeup is due at 2020-12-12 16:29:55.554266-08:00 (in 0.995968 seconds)
INFO:apscheduler.executors.default:Running job "counter (trigger: interval[0:00:01], next run at: 2020-12-12 16:29:55 PST)" (scheduled at 2020-12-12 16:29:54.554266-08:00)
INFO:apscheduler.executors.default:Job "counter (trigger: interval[0:00:01], next run at: 2020-12-12 16:29:55 PST)" executed successfully
DEBUG:apscheduler.scheduler:Looking for jobs to run
DEBUG:apscheduler.scheduler:Next wakeup is due at 2020-12-12 16:29:56.554266-08:00 (in 0.995723 seconds)
INFO:apscheduler.executors.default:Running job "counter (trigger: interval[0:00:01], next run at: 2020-12-12 16:29:56 PST)" (scheduled at 2020-12-12 16:29:55.554266-08:00)
INFO:apscheduler.executors.default:Job "counter (trigger: interval[0:00:01], next run at: 2020-12-12 16:29:56 PST)" executed successfully
DEBUG:apscheduler.scheduler:Looking for jobs to run
DEBUG:apscheduler.scheduler:Next wakeup is due at 2020-12-12 16:29:57.554266-08:00 (in 0.995669 seconds)
INFO:apscheduler.executors.default:Running job "counter (trigger: interval[0:00:01], next run at: 2020-12-12 16:29:57 PST)" (scheduled at 2020-12-12 16:29:56.554266-08:00)
INFO:apscheduler.executors.default:Job "counter (trigger: interval[0:00:01], next run at: 2020-12-12 16:29:57 PST)" executed successfully
DEBUG:apscheduler.scheduler:Looking for jobs to run
DEBUG:apscheduler.scheduler:Next wakeup is due at 2020-12-12 16:29:58.554266-08:00 (in 0.995530 seconds)
INFO:apscheduler.executors.default:Running job "counter (trigger: interval[0:00:01], next run at: 2020-12-12 16:29:58 PST)" (scheduled at 2020-12-12 16:29:57.554266-08:00)
INFO:apscheduler.executors.default:Job "counter (trigger: interval[0:00:01], next run at: 2020-12-12 16:29:58 PST)" executed successfully
DEBUG:apscheduler.scheduler:Looking for jobs to run
DEBUG:apscheduler.scheduler:Next wakeup is due at 2020-12-12 16:29:59.554266-08:00 (in 0.996203 seconds)
INFO:apscheduler.executors.default:Running job "counter (trigger: interval[0:00:01], next run at: 2020-12-12 16:29:59 PST)" (scheduled at 2020-12-12 16:29:58.554266-08:00)
INFO:apscheduler.executors.default:Job "counter (trigger: interval[0:00:01], next run at: 2020-12-12 16:29:59 PST)" executed successfully
DEBUG:apscheduler.scheduler:Looking for jobs to run
DEBUG:apscheduler.scheduler:Next wakeup is due at 2020-12-12 16:30:00.554266-08:00 (in 0.991769 seconds)
INFO:apscheduler.executors.default:Running job "counter (trigger: interval[0:00:01], next run at: 2020-12-12 16:30:00 PST)" (scheduled at 2020-12-12 16:29:59.554266-08:00)
INFO:apscheduler.executors.default:Job "counter (trigger: interval[0:00:01], next run at: 2020-12-12 16:30:00 PST)" executed successfully
DEBUG:apscheduler.scheduler:Looking for jobs to run
DEBUG:apscheduler.scheduler:Next wakeup is due at 2020-12-12 16:30:01.554266-08:00 (in 0.996224 seconds)
INFO:apscheduler.executors.default:Running job "counter (trigger: interval[0:00:01], next run at: 2020-12-12 16:30:01 PST)" (scheduled at 2020-12-12 16:30:00.554266-08:00)
INFO:apscheduler.executors.default:Job "counter (trigger: interval[0:00:01], next run at: 2020-12-12 16:30:01 PST)" executed successfully
DEBUG:apscheduler.scheduler:Looking for jobs to run
DEBUG:apscheduler.scheduler:Next wakeup is due at 2020-12-12 16:30:02.554266-08:00 (in 0.996106 seconds)
INFO:apscheduler.executors.default:Running job "counter (trigger: interval[0:00:01], next run at: 2020-12-12 16:30:02 PST)" (scheduled at 2020-12-12 16:30:01.554266-08:00)
INFO:apscheduler.executors.default:Job "counter (trigger: interval[0:00:01], next run at: 2020-12-12 16:30:02 PST)" executed successfully
DEBUG:apscheduler.scheduler:Looking for jobs to run
DEBUG:apscheduler.scheduler:Next wakeup is due at 2020-12-12 16:30:03.554266-08:00 (in 0.996364 seconds)
INFO:apscheduler.executors.default:Running job "counter (trigger: interval[0:00:01], next run at: 2020-12-12 16:30:03 PST)" (scheduled at 2020-12-12 16:30:02.554266-08:00)
INFO:apscheduler.executors.default:Job "counter (trigger: interval[0:00:01], next run at: 2020-12-12 16:30:03 PST)" executed successfully
DEBUG:apscheduler.scheduler:Looking for jobs to run
DEBUG:apscheduler.scheduler:Next wakeup is due at 2020-12-12 16:30:04.554266-08:00 (in 0.996222 seconds)
INFO:apscheduler.executors.default:Running job "counter (trigger: interval[0:00:01], next run at: 2020-12-12 16:30:04 PST)" (scheduled at 2020-12-12 16:30:03.554266-08:00)
INFO:apscheduler.executors.default:Job "counter (trigger: interval[0:00:01], next run at: 2020-12-12 16:30:04 PST)" executed successfully
DEBUG:apscheduler.scheduler:Looking for jobs to run
DEBUG:apscheduler.scheduler:Next wakeup is due at 2020-12-12 16:30:05.554266-08:00 (in 0.996501 seconds)
INFO:apscheduler.executors.default:Running job "counter (trigger: interval[0:00:01], next run at: 2020-12-12 16:30:05 PST)" (scheduled at 2020-12-12 16:30:04.554266-08:00)
INFO:apscheduler.executors.default:Job "counter (trigger: interval[0:00:01], next run at: 2020-12-12 16:30:05 PST)" executed successfully
DEBUG:apscheduler.scheduler:Looking for jobs to run
DEBUG:apscheduler.scheduler:Next wakeup is due at 2020-12-12 16:30:06.554266-08:00 (in 0.995423 seconds)
INFO:apscheduler.executors.default:Running job "counter (trigger: interval[0:00:01], next run at: 2020-12-12 16:30:06 PST)" (scheduled at 2020-12-12 16:30:05.554266-08:00)
INFO:apscheduler.executors.default:Job "counter (trigger: interval[0:00:01], next run at: 2020-12-12 16:30:06 PST)" executed successfully
DEBUG:apscheduler.scheduler:Looking for jobs to run
DEBUG:apscheduler.scheduler:Next wakeup is due at 2020-12-12 16:30:07.554266-08:00 (in 0.991919 seconds)
INFO:apscheduler.executors.default:Running job "counter (trigger: interval[0:00:01], next run at: 2020-12-12 16:30:07 PST)" (scheduled at 2020-12-12 16:30:06.554266-08:00)
INFO:apscheduler.executors.default:Job "counter (trigger: interval[0:00:01], next run at: 2020-12-12 16:30:07 PST)" executed successfully
DEBUG:apscheduler.scheduler:Looking for jobs to run
DEBUG:apscheduler.scheduler:Next wakeup is due at 2020-12-12 16:30:08.554266-08:00 (in 0.996707 seconds)
INFO:apscheduler.executors.default:Running job "counter (trigger: interval[0:00:01], next run at: 2020-12-12 16:30:08 PST)" (scheduled at 2020-12-12 16:30:07.554266-08:00)
INFO:apscheduler.executors.default:Job "counter (trigger: interval[0:00:01], next run at: 2020-12-12 16:30:08 PST)" executed successfully
DEBUG:apscheduler.scheduler:Looking for jobs to run
DEBUG:apscheduler.scheduler:Next wakeup is due at 2020-12-12 16:30:09.554266-08:00 (in 0.995502 seconds)
INFO:apscheduler.executors.default:Running job "counter (trigger: interval[0:00:01], next run at: 2020-12-12 16:30:09 PST)" (scheduled at 2020-12-12 16:30:08.554266-08:00)
INFO:apscheduler.executors.default:Job "counter (trigger: interval[0:00:01], next run at: 2020-12-12 16:30:09 PST)" executed successfully
DEBUG:apscheduler.scheduler:Looking for jobs to run
DEBUG:apscheduler.scheduler:Next wakeup is due at 2020-12-12 16:30:10.554266-08:00 (in 0.997054 seconds)
INFO:apscheduler.executors.default:Running job "counter (trigger: interval[0:00:01], next run at: 2020-12-12 16:30:10 PST)" (scheduled at 2020-12-12 16:30:09.554266-08:00)
INFO:apscheduler.executors.default:Job "counter (trigger: interval[0:00:01], next run at: 2020-12-12 16:30:10 PST)" executed successfully
DEBUG:apscheduler.scheduler:Looking for jobs to run
DEBUG:apscheduler.scheduler:Next wakeup is due at 2020-12-12 16:30:11.554266-08:00 (in 0.996654 seconds)
INFO:apscheduler.executors.default:Running job "counter (trigger: interval[0:00:01], next run at: 2020-12-12 16:30:11 PST)" (scheduled at 2020-12-12 16:30:10.554266-08:00)
INFO:apscheduler.executors.default:Job "counter (trigger: interval[0:00:01], next run at: 2020-12-12 16:30:11 PST)" executed successfully
DEBUG:asyncio:<_SelectorSocketTransport fd=8 read=polling write=<idle, bufsize=0>>: Fatal read error on socket transport
Traceback (most recent call last):
  File "/usr/lib/python3.8/asyncio/selector_events.py", line 846, in _read_ready__data_received
    data = self._sock.recv(self.max_size)
ConnectionResetError: [Errno 104] Connection reset by peer
Error in connection handler
Traceback (most recent call last):
  File "/home/jared/.local/lib/python3.8/site-packages/websockets/protocol.py", line 827, in transfer_data
    message = await self.read_message()
  File "/home/jared/.local/lib/python3.8/site-packages/websockets/protocol.py", line 895, in read_message
    frame = await self.read_data_frame(max_size=self.max_size)
  File "/home/jared/.local/lib/python3.8/site-packages/websockets/protocol.py", line 971, in read_data_frame
    frame = await self.read_frame(max_size)
  File "/home/jared/.local/lib/python3.8/site-packages/websockets/protocol.py", line 1047, in read_frame
    frame = await Frame.read(
  File "/home/jared/.local/lib/python3.8/site-packages/websockets/framing.py", line 105, in read
    data = await reader(2)
  File "/usr/lib/python3.8/asyncio/streams.py", line 723, in readexactly
    await self._wait_for_data('readexactly')
  File "/usr/lib/python3.8/asyncio/streams.py", line 517, in _wait_for_data
    await self._waiter
  File "/usr/lib/python3.8/asyncio/selector_events.py", line 846, in _read_ready__data_received
    data = self._sock.recv(self.max_size)
ConnectionResetError: [Errno 104] Connection reset by peer

The above exception was the direct cause of the following exception:

Traceback (most recent call last):
  File "/home/jared/.local/lib/python3.8/site-packages/websockets/server.py", line 191, in handler
    await self.ws_handler(self, path)
  File "Webserver/Server.py", line 92, in handler
    async for message in websocket:
  File "/home/jared/.local/lib/python3.8/site-packages/websockets/protocol.py", line 439, in __aiter__
    yield await self.recv()
  File "/home/jared/.local/lib/python3.8/site-packages/websockets/protocol.py", line 509, in recv
    await self.ensure_open()
  File "/home/jared/.local/lib/python3.8/site-packages/websockets/protocol.py", line 803, in ensure_open
    raise self.connection_closed_exc()
websockets.exceptions.ConnectionClosedError: code = 1006 (connection closed abnormally [internal]), no reason
ERROR:websockets.server:Error in connection handler
Traceback (most recent call last):
  File "/home/jared/.local/lib/python3.8/site-packages/websockets/protocol.py", line 827, in transfer_data
    message = await self.read_message()
  File "/home/jared/.local/lib/python3.8/site-packages/websockets/protocol.py", line 895, in read_message
    frame = await self.read_data_frame(max_size=self.max_size)
  File "/home/jared/.local/lib/python3.8/site-packages/websockets/protocol.py", line 971, in read_data_frame
    frame = await self.read_frame(max_size)
  File "/home/jared/.local/lib/python3.8/site-packages/websockets/protocol.py", line 1047, in read_frame
    frame = await Frame.read(
  File "/home/jared/.local/lib/python3.8/site-packages/websockets/framing.py", line 105, in read
    data = await reader(2)
  File "/usr/lib/python3.8/asyncio/streams.py", line 723, in readexactly
    await self._wait_for_data('readexactly')
  File "/usr/lib/python3.8/asyncio/streams.py", line 517, in _wait_for_data
    await self._waiter
  File "/usr/lib/python3.8/asyncio/selector_events.py", line 846, in _read_ready__data_received
    data = self._sock.recv(self.max_size)
ConnectionResetError: [Errno 104] Connection reset by peer

The above exception was the direct cause of the following exception:

Traceback (most recent call last):
  File "/home/jared/.local/lib/python3.8/site-packages/websockets/server.py", line 191, in handler
    await self.ws_handler(self, path)
  File "Webserver/Server.py", line 92, in handler
    async for message in websocket:
  File "/home/jared/.local/lib/python3.8/site-packages/websockets/protocol.py", line 439, in __aiter__
    yield await self.recv()
  File "/home/jared/.local/lib/python3.8/site-packages/websockets/protocol.py", line 509, in recv
    await self.ensure_open()
  File "/home/jared/.local/lib/python3.8/site-packages/websockets/protocol.py", line 803, in ensure_open
    raise self.connection_closed_exc()
websockets.exceptions.ConnectionClosedError: code = 1006 (connection closed abnormally [internal]), no reason
INFO:apscheduler.scheduler:Scheduler has been shut down
Traceback (most recent call last):
  File "Webserver/Server.py", line 129, in <module>
    asyncio.get_event_loop().run_forever()
  File "/usr/lib/python3.8/asyncio/base_events.py", line 570, in run_forever
    self._run_once()
  File "/usr/lib/python3.8/asyncio/base_events.py", line 1823, in _run_once
    event_list = self._selector.select(timeout)
  File "/usr/lib/python3.8/selectors.py", line 468, in select
    fd_event_list = self._selector.poll(timeout, max_ev)
KeyboardInterrupt
DEBUG:asyncio:Using selector: EpollSelector
DEBUG:asyncio:Get address info None:8080, type=<SocketKind.SOCK_STREAM: 1>, flags=<AddressInfo.AI_PASSIVE: 1>
DEBUG:asyncio:Getting address info None:8080, type=<SocketKind.SOCK_STREAM: 1>, flags=<AddressInfo.AI_PASSIVE: 1> took 0.418ms: [(<AddressFamily.AF_INET: 2>, <SocketKind.SOCK_STREAM: 1>, 6, '', ('0.0.0.0', 8080)), (<AddressFamily.AF_INET6: 10>, <SocketKind.SOCK_STREAM: 1>, 6, '', ('::', 8080, 0, 0))]
INFO:asyncio:<Server sockets=(<asyncio.TransportSocket fd=6, family=AddressFamily.AF_INET6, type=SocketKind.SOCK_STREAM, proto=6, laddr=('::', 8080, 0, 0)>, <asyncio.TransportSocket fd=7, family=AddressFamily.AF_INET, type=SocketKind.SOCK_STREAM, proto=6, laddr=('0.0.0.0', 8080)>)> is serving
DEBUG:asyncio:Using selector: EpollSelector
DEBUG:asyncio:Get address info None:8080, type=<SocketKind.SOCK_STREAM: 1>, flags=<AddressInfo.AI_PASSIVE: 1>
DEBUG:asyncio:Getting address info None:8080, type=<SocketKind.SOCK_STREAM: 1>, flags=<AddressInfo.AI_PASSIVE: 1> took 0.520ms: [(<AddressFamily.AF_INET: 2>, <SocketKind.SOCK_STREAM: 1>, 6, '', ('0.0.0.0', 8080)), (<AddressFamily.AF_INET6: 10>, <SocketKind.SOCK_STREAM: 1>, 6, '', ('::', 8080, 0, 0))]
Traceback (most recent call last):
  File "Webserver/Server.py", line 128, in <module>
    asyncio.get_event_loop().run_until_complete(start_server)
  File "/usr/lib/python3.8/asyncio/base_events.py", line 616, in run_until_complete
    return future.result()
  File "/usr/lib/python3.8/asyncio/tasks.py", line 684, in _wrap_awaitable
    return (yield from awaitable.__await__())
  File "/home/jared/.local/lib/python3.8/site-packages/websockets/server.py", line 965, in __await_impl__
    server = await self._create_server()
  File "/usr/lib/python3.8/asyncio/base_events.py", line 1463, in create_server
    raise OSError(err.errno, 'error while attempting '
OSError: [Errno 98] error while attempting to bind on address ('::', 8080, 0, 0): address already in use
DEBUG:asyncio:Using selector: EpollSelector
DEBUG:asyncio:Get address info None:8080, type=<SocketKind.SOCK_STREAM: 1>, flags=<AddressInfo.AI_PASSIVE: 1>
DEBUG:asyncio:Getting address info None:8080, type=<SocketKind.SOCK_STREAM: 1>, flags=<AddressInfo.AI_PASSIVE: 1> took 0.415ms: [(<AddressFamily.AF_INET: 2>, <SocketKind.SOCK_STREAM: 1>, 6, '', ('0.0.0.0', 8080)), (<AddressFamily.AF_INET6: 10>, <SocketKind.SOCK_STREAM: 1>, 6, '', ('::', 8080, 0, 0))]
INFO:asyncio:<Server sockets=(<asyncio.TransportSocket fd=6, family=AddressFamily.AF_INET6, type=SocketKind.SOCK_STREAM, proto=6, laddr=('::', 8080, 0, 0)>, <asyncio.TransportSocket fd=7, family=AddressFamily.AF_INET, type=SocketKind.SOCK_STREAM, proto=6, laddr=('0.0.0.0', 8080)>)> is serving
DEBUG:asyncio:Using selector: EpollSelector
DEBUG:asyncio:Get address info None:8080, type=<SocketKind.SOCK_STREAM: 1>, flags=<AddressInfo.AI_PASSIVE: 1>
DEBUG:asyncio:Getting address info None:8080, type=<SocketKind.SOCK_STREAM: 1>, flags=<AddressInfo.AI_PASSIVE: 1> took 0.386ms: [(<AddressFamily.AF_INET: 2>, <SocketKind.SOCK_STREAM: 1>, 6, '', ('0.0.0.0', 8080)), (<AddressFamily.AF_INET6: 10>, <SocketKind.SOCK_STREAM: 1>, 6, '', ('::', 8080, 0, 0))]
INFO:asyncio:<Server sockets=(<asyncio.TransportSocket fd=6, family=AddressFamily.AF_INET, type=SocketKind.SOCK_STREAM, proto=6, laddr=('0.0.0.0', 8080)>, <asyncio.TransportSocket fd=7, family=AddressFamily.AF_INET6, type=SocketKind.SOCK_STREAM, proto=6, laddr=('::', 8080, 0, 0)>)> is serving
DEBUG:asyncio:Using selector: EpollSelector
DEBUG:asyncio:Get address info None:8080, type=<SocketKind.SOCK_STREAM: 1>, flags=<AddressInfo.AI_PASSIVE: 1>
DEBUG:asyncio:Getting address info None:8080, type=<SocketKind.SOCK_STREAM: 1>, flags=<AddressInfo.AI_PASSIVE: 1> took 0.851ms: [(<AddressFamily.AF_INET: 2>, <SocketKind.SOCK_STREAM: 1>, 6, '', ('0.0.0.0', 8080)), (<AddressFamily.AF_INET6: 10>, <SocketKind.SOCK_STREAM: 1>, 6, '', ('::', 8080, 0, 0))]
INFO:asyncio:<Server sockets=(<asyncio.TransportSocket fd=6, family=AddressFamily.AF_INET6, type=SocketKind.SOCK_STREAM, proto=6, laddr=('::', 8080, 0, 0)>, <asyncio.TransportSocket fd=7, family=AddressFamily.AF_INET, type=SocketKind.SOCK_STREAM, proto=6, laddr=('0.0.0.0', 8080)>)> is serving
DEBUG:asyncio:Using selector: EpollSelector
DEBUG:asyncio:Get address info None:8080, type=<SocketKind.SOCK_STREAM: 1>, flags=<AddressInfo.AI_PASSIVE: 1>
DEBUG:asyncio:Getting address info None:8080, type=<SocketKind.SOCK_STREAM: 1>, flags=<AddressInfo.AI_PASSIVE: 1> took 0.700ms: [(<AddressFamily.AF_INET: 2>, <SocketKind.SOCK_STREAM: 1>, 6, '', ('0.0.0.0', 8080)), (<AddressFamily.AF_INET6: 10>, <SocketKind.SOCK_STREAM: 1>, 6, '', ('::', 8080, 0, 0))]
INFO:asyncio:<Server sockets=(<asyncio.TransportSocket fd=6, family=AddressFamily.AF_INET, type=SocketKind.SOCK_STREAM, proto=6, laddr=('0.0.0.0', 8080)>, <asyncio.TransportSocket fd=7, family=AddressFamily.AF_INET6, type=SocketKind.SOCK_STREAM, proto=6, laddr=('::', 8080, 0, 0)>)> is serving
DEBUG:asyncio:Using selector: EpollSelector
DEBUG:asyncio:Get address info None:8080, type=<SocketKind.SOCK_STREAM: 1>, flags=<AddressInfo.AI_PASSIVE: 1>
DEBUG:asyncio:Getting address info None:8080, type=<SocketKind.SOCK_STREAM: 1>, flags=<AddressInfo.AI_PASSIVE: 1> took 0.380ms: [(<AddressFamily.AF_INET: 2>, <SocketKind.SOCK_STREAM: 1>, 6, '', ('0.0.0.0', 8080)), (<AddressFamily.AF_INET6: 10>, <SocketKind.SOCK_STREAM: 1>, 6, '', ('::', 8080, 0, 0))]
INFO:asyncio:<Server sockets=(<asyncio.TransportSocket fd=6, family=AddressFamily.AF_INET, type=SocketKind.SOCK_STREAM, proto=6, laddr=('0.0.0.0', 8080)>, <asyncio.TransportSocket fd=7, family=AddressFamily.AF_INET6, type=SocketKind.SOCK_STREAM, proto=6, laddr=('::', 8080, 0, 0)>)> is serving
DEBUG:asyncio:Using selector: EpollSelector
DEBUG:asyncio:Get address info None:8080, type=<SocketKind.SOCK_STREAM: 1>, flags=<AddressInfo.AI_PASSIVE: 1>
DEBUG:asyncio:Getting address info None:8080, type=<SocketKind.SOCK_STREAM: 1>, flags=<AddressInfo.AI_PASSIVE: 1> took 0.799ms: [(<AddressFamily.AF_INET: 2>, <SocketKind.SOCK_STREAM: 1>, 6, '', ('0.0.0.0', 8080)), (<AddressFamily.AF_INET6: 10>, <SocketKind.SOCK_STREAM: 1>, 6, '', ('::', 8080, 0, 0))]
INFO:asyncio:<Server sockets=(<asyncio.TransportSocket fd=6, family=AddressFamily.AF_INET, type=SocketKind.SOCK_STREAM, proto=6, laddr=('0.0.0.0', 8080)>, <asyncio.TransportSocket fd=7, family=AddressFamily.AF_INET6, type=SocketKind.SOCK_STREAM, proto=6, laddr=('::', 8080, 0, 0)>)> is serving
DEBUG:asyncio:Using selector: EpollSelector
DEBUG:asyncio:Get address info None:8080, type=<SocketKind.SOCK_STREAM: 1>, flags=<AddressInfo.AI_PASSIVE: 1>
DEBUG:asyncio:Getting address info None:8080, type=<SocketKind.SOCK_STREAM: 1>, flags=<AddressInfo.AI_PASSIVE: 1> took 0.433ms: [(<AddressFamily.AF_INET: 2>, <SocketKind.SOCK_STREAM: 1>, 6, '', ('0.0.0.0', 8080)), (<AddressFamily.AF_INET6: 10>, <SocketKind.SOCK_STREAM: 1>, 6, '', ('::', 8080, 0, 0))]
Traceback (most recent call last):
  File "Webserver/Server.py", line 128, in <module>
    asyncio.get_event_loop().run_until_complete(start_server)
  File "/usr/lib/python3.8/asyncio/base_events.py", line 616, in run_until_complete
    return future.result()
  File "/usr/lib/python3.8/asyncio/tasks.py", line 684, in _wrap_awaitable
    return (yield from awaitable.__await__())
  File "/home/jared/.local/lib/python3.8/site-packages/websockets/server.py", line 965, in __await_impl__
    server = await self._create_server()
  File "/usr/lib/python3.8/asyncio/base_events.py", line 1463, in create_server
    raise OSError(err.errno, 'error while attempting '
OSError: [Errno 98] error while attempting to bind on address ('0.0.0.0', 8080): address already in use
DEBUG:asyncio:<Server sockets=(<asyncio.TransportSocket fd=6, family=AddressFamily.AF_INET, type=SocketKind.SOCK_STREAM, proto=6, laddr=('0.0.0.0', 8080)>, <asyncio.TransportSocket fd=7, family=AddressFamily.AF_INET6, type=SocketKind.SOCK_STREAM, proto=6, laddr=('::', 8080, 0, 0)>)> got a new connection from ('::1', 33906, 0, 0): <socket.socket fd=8, family=AddressFamily.AF_INET6, type=SocketKind.SOCK_STREAM, proto=6, laddr=('::1', 8080, 0, 0), raddr=('::1', 33906, 0, 0)>
INFO:apscheduler.scheduler:Adding job tentatively -- it will be properly scheduled when the scheduler starts
INFO:apscheduler.scheduler:Added job "counter" to job store "default"
INFO:apscheduler.scheduler:Scheduler started
WARNING:asyncio:Executing <Task pending name='Task-4' coro=<WebSocketServerProtocol.handler() running at /home/jared/.local/lib/python3.8/site-packages/websockets/server.py:191> wait_for=<Future pending cb=[<TaskWakeupMethWrapper object at 0x7fabf7cb0be0>()] created at /usr/lib/python3.8/asyncio/base_events.py:422> created at /home/jared/.local/lib/python3.8/site-packages/websockets/server.py:116> took 0.140 seconds
DEBUG:apscheduler.scheduler:Looking for jobs to run
DEBUG:apscheduler.scheduler:Next wakeup is due at 2020-12-12 16:33:17.583183-08:00 (in 0.994560 seconds)
DEBUG:apscheduler.scheduler:Looking for jobs to run
DEBUG:apscheduler.scheduler:Next wakeup is due at 2020-12-12 16:33:18.583183-08:00 (in 0.996799 seconds)
INFO:apscheduler.executors.default:Running job "counter (trigger: interval[0:00:01], next run at: 2020-12-12 16:33:18 PST)" (scheduled at 2020-12-12 16:33:17.583183-08:00)
INFO:apscheduler.executors.default:Job "counter (trigger: interval[0:00:01], next run at: 2020-12-12 16:33:18 PST)" executed successfully
DEBUG:apscheduler.scheduler:Looking for jobs to run
DEBUG:apscheduler.scheduler:Next wakeup is due at 2020-12-12 16:33:19.583183-08:00 (in 0.991853 seconds)
INFO:apscheduler.executors.default:Running job "counter (trigger: interval[0:00:01], next run at: 2020-12-12 16:33:19 PST)" (scheduled at 2020-12-12 16:33:18.583183-08:00)
INFO:apscheduler.executors.default:Job "counter (trigger: interval[0:00:01], next run at: 2020-12-12 16:33:19 PST)" executed successfully
DEBUG:apscheduler.scheduler:Looking for jobs to run
DEBUG:apscheduler.scheduler:Next wakeup is due at 2020-12-12 16:33:20.583183-08:00 (in 0.996771 seconds)
INFO:apscheduler.executors.default:Running job "counter (trigger: interval[0:00:01], next run at: 2020-12-12 16:33:20 PST)" (scheduled at 2020-12-12 16:33:19.583183-08:00)
INFO:apscheduler.executors.default:Job "counter (trigger: interval[0:00:01], next run at: 2020-12-12 16:33:20 PST)" executed successfully
DEBUG:asyncio:Using selector: EpollSelector
DEBUG:asyncio:Get address info None:8080, type=<SocketKind.SOCK_STREAM: 1>, flags=<AddressInfo.AI_PASSIVE: 1>
DEBUG:asyncio:Getting address info None:8080, type=<SocketKind.SOCK_STREAM: 1>, flags=<AddressInfo.AI_PASSIVE: 1> took 0.438ms: [(<AddressFamily.AF_INET: 2>, <SocketKind.SOCK_STREAM: 1>, 6, '', ('0.0.0.0', 8080)), (<AddressFamily.AF_INET6: 10>, <SocketKind.SOCK_STREAM: 1>, 6, '', ('::', 8080, 0, 0))]
INFO:asyncio:<Server sockets=(<asyncio.TransportSocket fd=6, family=AddressFamily.AF_INET6, type=SocketKind.SOCK_STREAM, proto=6, laddr=('::', 8080, 0, 0)>, <asyncio.TransportSocket fd=7, family=AddressFamily.AF_INET, type=SocketKind.SOCK_STREAM, proto=6, laddr=('0.0.0.0', 8080)>)> is serving
DEBUG:asyncio:Using selector: EpollSelector
DEBUG:asyncio:Get address info None:8080, type=<SocketKind.SOCK_STREAM: 1>, flags=<AddressInfo.AI_PASSIVE: 1>
DEBUG:asyncio:Getting address info None:8080, type=<SocketKind.SOCK_STREAM: 1>, flags=<AddressInfo.AI_PASSIVE: 1> took 0.443ms: [(<AddressFamily.AF_INET: 2>, <SocketKind.SOCK_STREAM: 1>, 6, '', ('0.0.0.0', 8080)), (<AddressFamily.AF_INET6: 10>, <SocketKind.SOCK_STREAM: 1>, 6, '', ('::', 8080, 0, 0))]
INFO:asyncio:<Server sockets=(<asyncio.TransportSocket fd=6, family=AddressFamily.AF_INET, type=SocketKind.SOCK_STREAM, proto=6, laddr=('0.0.0.0', 8080)>, <asyncio.TransportSocket fd=7, family=AddressFamily.AF_INET6, type=SocketKind.SOCK_STREAM, proto=6, laddr=('::', 8080, 0, 0)>)> is serving
DEBUG:asyncio:Using selector: EpollSelector
DEBUG:asyncio:Get address info None:8080, type=<SocketKind.SOCK_STREAM: 1>, flags=<AddressInfo.AI_PASSIVE: 1>
DEBUG:asyncio:Getting address info None:8080, type=<SocketKind.SOCK_STREAM: 1>, flags=<AddressInfo.AI_PASSIVE: 1> took 0.412ms: [(<AddressFamily.AF_INET: 2>, <SocketKind.SOCK_STREAM: 1>, 6, '', ('0.0.0.0', 8080)), (<AddressFamily.AF_INET6: 10>, <SocketKind.SOCK_STREAM: 1>, 6, '', ('::', 8080, 0, 0))]
INFO:asyncio:<Server sockets=(<asyncio.TransportSocket fd=6, family=AddressFamily.AF_INET6, type=SocketKind.SOCK_STREAM, proto=6, laddr=('::', 8080, 0, 0)>, <asyncio.TransportSocket fd=7, family=AddressFamily.AF_INET, type=SocketKind.SOCK_STREAM, proto=6, laddr=('0.0.0.0', 8080)>)> is serving
DEBUG:asyncio:Using selector: EpollSelector
DEBUG:asyncio:Get address info None:8080, type=<SocketKind.SOCK_STREAM: 1>, flags=<AddressInfo.AI_PASSIVE: 1>
DEBUG:asyncio:Getting address info None:8080, type=<SocketKind.SOCK_STREAM: 1>, flags=<AddressInfo.AI_PASSIVE: 1> took 0.417ms: [(<AddressFamily.AF_INET: 2>, <SocketKind.SOCK_STREAM: 1>, 6, '', ('0.0.0.0', 8080)), (<AddressFamily.AF_INET6: 10>, <SocketKind.SOCK_STREAM: 1>, 6, '', ('::', 8080, 0, 0))]
INFO:asyncio:<Server sockets=(<asyncio.TransportSocket fd=6, family=AddressFamily.AF_INET, type=SocketKind.SOCK_STREAM, proto=6, laddr=('0.0.0.0', 8080)>, <asyncio.TransportSocket fd=7, family=AddressFamily.AF_INET6, type=SocketKind.SOCK_STREAM, proto=6, laddr=('::', 8080, 0, 0)>)> is serving
DEBUG:asyncio:Using selector: EpollSelector
DEBUG:asyncio:Get address info None:8080, type=<SocketKind.SOCK_STREAM: 1>, flags=<AddressInfo.AI_PASSIVE: 1>
DEBUG:asyncio:Getting address info None:8080, type=<SocketKind.SOCK_STREAM: 1>, flags=<AddressInfo.AI_PASSIVE: 1> took 0.621ms: [(<AddressFamily.AF_INET: 2>, <SocketKind.SOCK_STREAM: 1>, 6, '', ('0.0.0.0', 8080)), (<AddressFamily.AF_INET6: 10>, <SocketKind.SOCK_STREAM: 1>, 6, '', ('::', 8080, 0, 0))]
INFO:asyncio:<Server sockets=(<asyncio.TransportSocket fd=6, family=AddressFamily.AF_INET6, type=SocketKind.SOCK_STREAM, proto=6, laddr=('::', 8080, 0, 0)>, <asyncio.TransportSocket fd=7, family=AddressFamily.AF_INET, type=SocketKind.SOCK_STREAM, proto=6, laddr=('0.0.0.0', 8080)>)> is serving
DEBUG:asyncio:Using selector: EpollSelector
DEBUG:asyncio:Get address info None:8080, type=<SocketKind.SOCK_STREAM: 1>, flags=<AddressInfo.AI_PASSIVE: 1>
DEBUG:asyncio:Getting address info None:8080, type=<SocketKind.SOCK_STREAM: 1>, flags=<AddressInfo.AI_PASSIVE: 1> took 0.462ms: [(<AddressFamily.AF_INET: 2>, <SocketKind.SOCK_STREAM: 1>, 6, '', ('0.0.0.0', 8080)), (<AddressFamily.AF_INET6: 10>, <SocketKind.SOCK_STREAM: 1>, 6, '', ('::', 8080, 0, 0))]
INFO:asyncio:<Server sockets=(<asyncio.TransportSocket fd=6, family=AddressFamily.AF_INET6, type=SocketKind.SOCK_STREAM, proto=6, laddr=('::', 8080, 0, 0)>, <asyncio.TransportSocket fd=7, family=AddressFamily.AF_INET, type=SocketKind.SOCK_STREAM, proto=6, laddr=('0.0.0.0', 8080)>)> is serving
DEBUG:asyncio:Using selector: EpollSelector
DEBUG:asyncio:Get address info None:8080, type=<SocketKind.SOCK_STREAM: 1>, flags=<AddressInfo.AI_PASSIVE: 1>
DEBUG:asyncio:Getting address info None:8080, type=<SocketKind.SOCK_STREAM: 1>, flags=<AddressInfo.AI_PASSIVE: 1> took 0.381ms: [(<AddressFamily.AF_INET: 2>, <SocketKind.SOCK_STREAM: 1>, 6, '', ('0.0.0.0', 8080)), (<AddressFamily.AF_INET6: 10>, <SocketKind.SOCK_STREAM: 1>, 6, '', ('::', 8080, 0, 0))]
INFO:asyncio:<Server sockets=(<asyncio.TransportSocket fd=6, family=AddressFamily.AF_INET, type=SocketKind.SOCK_STREAM, proto=6, laddr=('0.0.0.0', 8080)>, <asyncio.TransportSocket fd=7, family=AddressFamily.AF_INET6, type=SocketKind.SOCK_STREAM, proto=6, laddr=('::', 8080, 0, 0)>)> is serving
DEBUG:asyncio:Using selector: EpollSelector
DEBUG:asyncio:Get address info None:8080, type=<SocketKind.SOCK_STREAM: 1>, flags=<AddressInfo.AI_PASSIVE: 1>
DEBUG:asyncio:Getting address info None:8080, type=<SocketKind.SOCK_STREAM: 1>, flags=<AddressInfo.AI_PASSIVE: 1> took 0.385ms: [(<AddressFamily.AF_INET: 2>, <SocketKind.SOCK_STREAM: 1>, 6, '', ('0.0.0.0', 8080)), (<AddressFamily.AF_INET6: 10>, <SocketKind.SOCK_STREAM: 1>, 6, '', ('::', 8080, 0, 0))]
INFO:asyncio:<Server sockets=(<asyncio.TransportSocket fd=6, family=AddressFamily.AF_INET, type=SocketKind.SOCK_STREAM, proto=6, laddr=('0.0.0.0', 8080)>, <asyncio.TransportSocket fd=7, family=AddressFamily.AF_INET6, type=SocketKind.SOCK_STREAM, proto=6, laddr=('::', 8080, 0, 0)>)> is serving
DEBUG:asyncio:Using selector: EpollSelector
DEBUG:asyncio:Get address info None:8080, type=<SocketKind.SOCK_STREAM: 1>, flags=<AddressInfo.AI_PASSIVE: 1>
DEBUG:asyncio:Getting address info None:8080, type=<SocketKind.SOCK_STREAM: 1>, flags=<AddressInfo.AI_PASSIVE: 1> took 0.375ms: [(<AddressFamily.AF_INET: 2>, <SocketKind.SOCK_STREAM: 1>, 6, '', ('0.0.0.0', 8080)), (<AddressFamily.AF_INET6: 10>, <SocketKind.SOCK_STREAM: 1>, 6, '', ('::', 8080, 0, 0))]
INFO:asyncio:<Server sockets=(<asyncio.TransportSocket fd=6, family=AddressFamily.AF_INET, type=SocketKind.SOCK_STREAM, proto=6, laddr=('0.0.0.0', 8080)>, <asyncio.TransportSocket fd=7, family=AddressFamily.AF_INET6, type=SocketKind.SOCK_STREAM, proto=6, laddr=('::', 8080, 0, 0)>)> is serving
